<?xml version="1.0" encoding="UTF-8"?>
<testsuite xmlns:xsi="http://www.w3.org/2001/XMLSchema-instance" xsi:noNamespaceSchemaLocation="https://maven.apache.org/surefire/maven-surefire-plugin/xsd/surefire-test-report.xsd" name="com.ensg.calculgeometrique.CalculgeometriqueApplicationTests" time="5.331" tests="1" errors="0" skipped="0" failures="0">
  <properties>
    <property name="sun.desktop" value="windows"/>
    <property name="awt.toolkit" value="sun.awt.windows.WToolkit"/>
    <property name="file.encoding.pkg" value="sun.io"/>
    <property name="java.specification.version" value="1.8"/>
    <property name="sun.cpu.isalist" value="pentium_pro+mmx pentium_pro pentium+mmx pentium i486 i386 i86"/>
    <property name="sun.jnu.encoding" value="Cp1252"/>
    <property name="java.class.path" value="C:\Workspace\calculgeometrique\target\test-classes;C:\Workspace\calculgeometrique\target\classes;C:\Users\Hiba Ghadhab\.m2\repository\org\springframework\boot\spring-boot-starter-web\2.1.0.RELEASE\spring-boot-starter-web-2.1.0.RELEASE.jar;C:\Users\Hiba Ghadhab\.m2\repository\org\springframework\boot\spring-boot-starter\2.1.0.RELEASE\spring-boot-starter-2.1.0.RELEASE.jar;C:\Users\Hiba Ghadhab\.m2\repository\org\springframework\boot\spring-boot\2.1.0.RELEASE\spring-boot-2.1.0.RELEASE.jar;C:\Users\Hiba Ghadhab\.m2\repository\org\springframework\boot\spring-boot-autoconfigure\2.1.0.RELEASE\spring-boot-autoconfigure-2.1.0.RELEASE.jar;C:\Users\Hiba Ghadhab\.m2\repository\org\springframework\boot\spring-boot-starter-logging\2.1.0.RELEASE\spring-boot-starter-logging-2.1.0.RELEASE.jar;C:\Users\Hiba Ghadhab\.m2\repository\ch\qos\logback\logback-classic\1.2.3\logback-classic-1.2.3.jar;C:\Users\Hiba Ghadhab\.m2\repository\ch\qos\logback\logback-core\1.2.3\logback-core-1.2.3.jar;C:\Users\Hiba Ghadhab\.m2\repository\org\apache\logging\log4j\log4j-to-slf4j\2.11.1\log4j-to-slf4j-2.11.1.jar;C:\Users\Hiba Ghadhab\.m2\repository\org\apache\logging\log4j\log4j-api\2.11.1\log4j-api-2.11.1.jar;C:\Users\Hiba Ghadhab\.m2\repository\org\slf4j\jul-to-slf4j\1.7.25\jul-to-slf4j-1.7.25.jar;C:\Users\Hiba Ghadhab\.m2\repository\javax\annotation\javax.annotation-api\1.3.2\javax.annotation-api-1.3.2.jar;C:\Users\Hiba Ghadhab\.m2\repository\org\yaml\snakeyaml\1.23\snakeyaml-1.23.jar;C:\Users\Hiba Ghadhab\.m2\repository\org\springframework\boot\spring-boot-starter-json\2.1.0.RELEASE\spring-boot-starter-json-2.1.0.RELEASE.jar;C:\Users\Hiba Ghadhab\.m2\repository\com\fasterxml\jackson\core\jackson-databind\2.9.7\jackson-databind-2.9.7.jar;C:\Users\Hiba Ghadhab\.m2\repository\com\fasterxml\jackson\core\jackson-core\2.9.7\jackson-core-2.9.7.jar;C:\Users\Hiba Ghadhab\.m2\repository\com\fasterxml\jackson\datatype\jackson-datatype-jdk8\2.9.7\jackson-datatype-jdk8-2.9.7.jar;C:\Users\Hiba Ghadhab\.m2\repository\com\fasterxml\jackson\datatype\jackson-datatype-jsr310\2.9.7\jackson-datatype-jsr310-2.9.7.jar;C:\Users\Hiba Ghadhab\.m2\repository\com\fasterxml\jackson\module\jackson-module-parameter-names\2.9.7\jackson-module-parameter-names-2.9.7.jar;C:\Users\Hiba Ghadhab\.m2\repository\org\springframework\boot\spring-boot-starter-tomcat\2.1.0.RELEASE\spring-boot-starter-tomcat-2.1.0.RELEASE.jar;C:\Users\Hiba Ghadhab\.m2\repository\org\apache\tomcat\embed\tomcat-embed-core\9.0.12\tomcat-embed-core-9.0.12.jar;C:\Users\Hiba Ghadhab\.m2\repository\org\apache\tomcat\embed\tomcat-embed-el\9.0.12\tomcat-embed-el-9.0.12.jar;C:\Users\Hiba Ghadhab\.m2\repository\org\apache\tomcat\embed\tomcat-embed-websocket\9.0.12\tomcat-embed-websocket-9.0.12.jar;C:\Users\Hiba Ghadhab\.m2\repository\org\hibernate\validator\hibernate-validator\6.0.13.Final\hibernate-validator-6.0.13.Final.jar;C:\Users\Hiba Ghadhab\.m2\repository\javax\validation\validation-api\2.0.1.Final\validation-api-2.0.1.Final.jar;C:\Users\Hiba Ghadhab\.m2\repository\org\jboss\logging\jboss-logging\3.3.2.Final\jboss-logging-3.3.2.Final.jar;C:\Users\Hiba Ghadhab\.m2\repository\org\springframework\spring-web\5.1.2.RELEASE\spring-web-5.1.2.RELEASE.jar;C:\Users\Hiba Ghadhab\.m2\repository\org\springframework\spring-beans\5.1.2.RELEASE\spring-beans-5.1.2.RELEASE.jar;C:\Users\Hiba Ghadhab\.m2\repository\org\springframework\spring-webmvc\5.1.2.RELEASE\spring-webmvc-5.1.2.RELEASE.jar;C:\Users\Hiba Ghadhab\.m2\repository\org\springframework\spring-aop\5.1.2.RELEASE\spring-aop-5.1.2.RELEASE.jar;C:\Users\Hiba Ghadhab\.m2\repository\org\springframework\spring-context\5.1.2.RELEASE\spring-context-5.1.2.RELEASE.jar;C:\Users\Hiba Ghadhab\.m2\repository\org\springframework\spring-expression\5.1.2.RELEASE\spring-expression-5.1.2.RELEASE.jar;C:\Users\Hiba Ghadhab\.m2\repository\org\springframework\boot\spring-boot-starter-test\2.1.0.RELEASE\spring-boot-starter-test-2.1.0.RELEASE.jar;C:\Users\Hiba Ghadhab\.m2\repository\org\springframework\boot\spring-boot-test\2.1.0.RELEASE\spring-boot-test-2.1.0.RELEASE.jar;C:\Users\Hiba Ghadhab\.m2\repository\org\springframework\boot\spring-boot-test-autoconfigure\2.1.0.RELEASE\spring-boot-test-autoconfigure-2.1.0.RELEASE.jar;C:\Users\Hiba Ghadhab\.m2\repository\com\jayway\jsonpath\json-path\2.4.0\json-path-2.4.0.jar;C:\Users\Hiba Ghadhab\.m2\repository\net\minidev\json-smart\2.3\json-smart-2.3.jar;C:\Users\Hiba Ghadhab\.m2\repository\net\minidev\accessors-smart\1.2\accessors-smart-1.2.jar;C:\Users\Hiba Ghadhab\.m2\repository\org\ow2\asm\asm\5.0.4\asm-5.0.4.jar;C:\Users\Hiba Ghadhab\.m2\repository\junit\junit\4.12\junit-4.12.jar;C:\Users\Hiba Ghadhab\.m2\repository\org\assertj\assertj-core\3.11.1\assertj-core-3.11.1.jar;C:\Users\Hiba Ghadhab\.m2\repository\org\mockito\mockito-core\2.23.0\mockito-core-2.23.0.jar;C:\Users\Hiba Ghadhab\.m2\repository\net\bytebuddy\byte-buddy\1.9.3\byte-buddy-1.9.3.jar;C:\Users\Hiba Ghadhab\.m2\repository\net\bytebuddy\byte-buddy-agent\1.9.3\byte-buddy-agent-1.9.3.jar;C:\Users\Hiba Ghadhab\.m2\repository\org\objenesis\objenesis\2.6\objenesis-2.6.jar;C:\Users\Hiba Ghadhab\.m2\repository\org\hamcrest\hamcrest-core\1.3\hamcrest-core-1.3.jar;C:\Users\Hiba Ghadhab\.m2\repository\org\hamcrest\hamcrest-library\1.3\hamcrest-library-1.3.jar;C:\Users\Hiba Ghadhab\.m2\repository\org\skyscreamer\jsonassert\1.5.0\jsonassert-1.5.0.jar;C:\Users\Hiba Ghadhab\.m2\repository\com\vaadin\external\google\android-json\0.0.20131108.vaadin1\android-json-0.0.20131108.vaadin1.jar;C:\Users\Hiba Ghadhab\.m2\repository\org\springframework\spring-core\5.1.2.RELEASE\spring-core-5.1.2.RELEASE.jar;C:\Users\Hiba Ghadhab\.m2\repository\org\springframework\spring-jcl\5.1.2.RELEASE\spring-jcl-5.1.2.RELEASE.jar;C:\Users\Hiba Ghadhab\.m2\repository\org\springframework\spring-test\5.1.2.RELEASE\spring-test-5.1.2.RELEASE.jar;C:\Users\Hiba Ghadhab\.m2\repository\org\xmlunit\xmlunit-core\2.6.2\xmlunit-core-2.6.2.jar;C:\Users\Hiba Ghadhab\.m2\repository\io\springfox\springfox-swagger-ui\2.4.0\springfox-swagger-ui-2.4.0.jar;C:\Users\Hiba Ghadhab\.m2\repository\io\springfox\springfox-spring-web\2.4.0\springfox-spring-web-2.4.0.jar;C:\Users\Hiba Ghadhab\.m2\repository\io\springfox\springfox-swagger2\2.4.0\springfox-swagger2-2.4.0.jar;C:\Users\Hiba Ghadhab\.m2\repository\io\swagger\swagger-annotations\1.5.6\swagger-annotations-1.5.6.jar;C:\Users\Hiba Ghadhab\.m2\repository\io\swagger\swagger-models\1.5.6\swagger-models-1.5.6.jar;C:\Users\Hiba Ghadhab\.m2\repository\com\fasterxml\jackson\core\jackson-annotations\2.9.0\jackson-annotations-2.9.0.jar;C:\Users\Hiba Ghadhab\.m2\repository\io\springfox\springfox-spi\2.4.0\springfox-spi-2.4.0.jar;C:\Users\Hiba Ghadhab\.m2\repository\io\springfox\springfox-core\2.4.0\springfox-core-2.4.0.jar;C:\Users\Hiba Ghadhab\.m2\repository\io\springfox\springfox-schema\2.4.0\springfox-schema-2.4.0.jar;C:\Users\Hiba Ghadhab\.m2\repository\io\springfox\springfox-swagger-common\2.4.0\springfox-swagger-common-2.4.0.jar;C:\Users\Hiba Ghadhab\.m2\repository\com\google\guava\guava\18.0\guava-18.0.jar;C:\Users\Hiba Ghadhab\.m2\repository\com\fasterxml\classmate\1.4.0\classmate-1.4.0.jar;C:\Users\Hiba Ghadhab\.m2\repository\org\slf4j\slf4j-api\1.7.25\slf4j-api-1.7.25.jar;C:\Users\Hiba Ghadhab\.m2\repository\org\springframework\plugin\spring-plugin-core\1.2.0.RELEASE\spring-plugin-core-1.2.0.RELEASE.jar;C:\Users\Hiba Ghadhab\.m2\repository\org\springframework\plugin\spring-plugin-metadata\1.2.0.RELEASE\spring-plugin-metadata-1.2.0.RELEASE.jar;C:\Users\Hiba Ghadhab\.m2\repository\org\geotools\gt-shapefile\20-SNAPSHOT\gt-shapefile-20-SNAPSHOT.jar;C:\Users\Hiba Ghadhab\.m2\repository\org\geotools\gt-data\20-SNAPSHOT\gt-data-20-SNAPSHOT.jar;C:\Users\Hiba Ghadhab\.m2\repository\org\jdom\jdom2\2.0.6\jdom2-2.0.6.jar;C:\Users\Hiba Ghadhab\.m2\repository\javax\media\jai_core\1.1.3\jai_core-1.1.3.jar;C:\Users\Hiba Ghadhab\.m2\repository\com\googlecode\json-simple\json-simple\1.1.1\json-simple-1.1.1.jar;C:\Users\Hiba Ghadhab\.m2\repository\org\geotools\gt-swing\20-SNAPSHOT\gt-swing-20-SNAPSHOT.jar;C:\Users\Hiba Ghadhab\.m2\repository\org\geotools\gt-referencing\20-SNAPSHOT\gt-referencing-20-SNAPSHOT.jar;C:\Users\Hiba Ghadhab\.m2\repository\org\ejml\ejml-ddense\0.34\ejml-ddense-0.34.jar;C:\Users\Hiba Ghadhab\.m2\repository\org\ejml\ejml-core\0.34\ejml-core-0.34.jar;C:\Users\Hiba Ghadhab\.m2\repository\commons-pool\commons-pool\1.6\commons-pool-1.6.jar;C:\Users\Hiba Ghadhab\.m2\repository\org\geotools\gt-metadata\20-SNAPSHOT\gt-metadata-20-SNAPSHOT.jar;C:\Users\Hiba Ghadhab\.m2\repository\org\geotools\gt-opengis\20-SNAPSHOT\gt-opengis-20-SNAPSHOT.jar;C:\Users\Hiba Ghadhab\.m2\repository\systems\uom\systems-common-java8\0.7.2\systems-common-java8-0.7.2.jar;C:\Users\Hiba Ghadhab\.m2\repository\tec\uom\uom-se\1.0.8\uom-se-1.0.8.jar;C:\Users\Hiba Ghadhab\.m2\repository\javax\measure\unit-api\1.0\unit-api-1.0.jar;C:\Users\Hiba Ghadhab\.m2\repository\tec\uom\lib\uom-lib-common\1.0.2\uom-lib-common-1.0.2.jar;C:\Users\Hiba Ghadhab\.m2\repository\si\uom\si-quantity\0.7.1\si-quantity-0.7.1.jar;C:\Users\Hiba Ghadhab\.m2\repository\si\uom\si-units-java8\0.7.1\si-units-java8-0.7.1.jar;C:\Users\Hiba Ghadhab\.m2\repository\jgridshift\jgridshift\1.0\jgridshift-1.0.jar;C:\Users\Hiba Ghadhab\.m2\repository\net\sf\geographiclib\GeographicLib-Java\1.49\GeographicLib-Java-1.49.jar;C:\Users\Hiba Ghadhab\.m2\repository\org\geotools\gt-render\20-SNAPSHOT\gt-render-20-SNAPSHOT.jar;C:\Users\Hiba Ghadhab\.m2\repository\org\geotools\gt-coverage\20-SNAPSHOT\gt-coverage-20-SNAPSHOT.jar;C:\Users\Hiba Ghadhab\.m2\repository\javax\media\jai_imageio\1.1\jai_imageio-1.1.jar;C:\Users\Hiba Ghadhab\.m2\repository\it\geosolutions\imageio-ext\imageio-ext-tiff\1.1.27\imageio-ext-tiff-1.1.27.jar;C:\Users\Hiba Ghadhab\.m2\repository\it\geosolutions\imageio-ext\imageio-ext-utilities\1.1.27\imageio-ext-utilities-1.1.27.jar;C:\Users\Hiba Ghadhab\.m2\repository\it\geosolutions\imageio-ext\imageio-ext-geocore\1.1.27\imageio-ext-geocore-1.1.27.jar;C:\Users\Hiba Ghadhab\.m2\repository\it\geosolutions\imageio-ext\imageio-ext-streams\1.1.27\imageio-ext-streams-1.1.27.jar;C:\Users\Hiba Ghadhab\.m2\repository\javax\media\jai_codec\1.1.3\jai_codec-1.1.3.jar;C:\Users\Hiba Ghadhab\.m2\repository\org\jaitools\jt-zonalstats\1.5.0\jt-zonalstats-1.5.0.jar;C:\Users\Hiba Ghadhab\.m2\repository\org\jaitools\jt-utils\1.5.0\jt-utils-1.5.0.jar;C:\Users\Hiba Ghadhab\.m2\repository\it\geosolutions\jaiext\affine\jt-affine\1.1.3\jt-affine-1.1.3.jar;C:\Users\Hiba Ghadhab\.m2\repository\it\geosolutions\jaiext\algebra\jt-algebra\1.1.3\jt-algebra-1.1.3.jar;C:\Users\Hiba Ghadhab\.m2\repository\it\geosolutions\jaiext\bandmerge\jt-bandmerge\1.1.3\jt-bandmerge-1.1.3.jar;C:\Users\Hiba Ghadhab\.m2\repository\it\geosolutions\jaiext\bandselect\jt-bandselect\1.1.3\jt-bandselect-1.1.3.jar;C:\Users\Hiba Ghadhab\.m2\repository\it\geosolutions\jaiext\bandcombine\jt-bandcombine\1.1.3\jt-bandcombine-1.1.3.jar;C:\Users\Hiba Ghadhab\.m2\repository\it\geosolutions\jaiext\border\jt-border\1.1.3\jt-border-1.1.3.jar;C:\Users\Hiba Ghadhab\.m2\repository\it\geosolutions\jaiext\buffer\jt-buffer\1.1.3\jt-buffer-1.1.3.jar;C:\Users\Hiba Ghadhab\.m2\repository\it\geosolutions\jaiext\crop\jt-crop\1.1.3\jt-crop-1.1.3.jar;C:\Users\Hiba Ghadhab\.m2\repository\it\geosolutions\jaiext\iterators\jt-iterators\1.1.3\jt-iterators-1.1.3.jar;C:\Users\Hiba Ghadhab\.m2\repository\it\geosolutions\jaiext\lookup\jt-lookup\1.1.3\jt-lookup-1.1.3.jar;C:\Users\Hiba Ghadhab\.m2\repository\it\geosolutions\jaiext\mosaic\jt-mosaic\1.1.3\jt-mosaic-1.1.3.jar;C:\Users\Hiba Ghadhab\.m2\repository\it\geosolutions\jaiext\nullop\jt-nullop\1.1.3\jt-nullop-1.1.3.jar;C:\Users\Hiba Ghadhab\.m2\repository\it\geosolutions\jaiext\rescale\jt-rescale\1.1.3\jt-rescale-1.1.3.jar;C:\Users\Hiba Ghadhab\.m2\repository\it\geosolutions\jaiext\scale\jt-scale\1.1.3\jt-scale-1.1.3.jar;C:\Users\Hiba Ghadhab\.m2\repository\it\geosolutions\jaiext\scale2\jt-scale2\1.1.3\jt-scale2-1.1.3.jar;C:\Users\Hiba Ghadhab\.m2\repository\it\geosolutions\jaiext\stats\jt-stats\1.1.3\jt-stats-1.1.3.jar;C:\Users\Hiba Ghadhab\.m2\repository\it\geosolutions\jaiext\translate\jt-translate\1.1.3\jt-translate-1.1.3.jar;C:\Users\Hiba Ghadhab\.m2\repository\it\geosolutions\jaiext\utilities\jt-utilities\1.1.3\jt-utilities-1.1.3.jar;C:\Users\Hiba Ghadhab\.m2\repository\it\geosolutions\jaiext\warp\jt-warp\1.1.3\jt-warp-1.1.3.jar;C:\Users\Hiba Ghadhab\.m2\repository\it\geosolutions\jaiext\zonal\jt-zonal\1.1.3\jt-zonal-1.1.3.jar;C:\Users\Hiba Ghadhab\.m2\repository\it\geosolutions\jaiext\binarize\jt-binarize\1.1.3\jt-binarize-1.1.3.jar;C:\Users\Hiba Ghadhab\.m2\repository\it\geosolutions\jaiext\format\jt-format\1.1.3\jt-format-1.1.3.jar;C:\Users\Hiba Ghadhab\.m2\repository\it\geosolutions\jaiext\colorconvert\jt-colorconvert\1.1.3\jt-colorconvert-1.1.3.jar;C:\Users\Hiba Ghadhab\.m2\repository\it\geosolutions\jaiext\errordiffusion\jt-errordiffusion\1.1.3\jt-errordiffusion-1.1.3.jar;C:\Users\Hiba Ghadhab\.m2\repository\it\geosolutions\jaiext\orderdither\jt-orderdither\1.1.3\jt-orderdither-1.1.3.jar;C:\Users\Hiba Ghadhab\.m2\repository\it\geosolutions\jaiext\colorindexer\jt-colorindexer\1.1.3\jt-colorindexer-1.1.3.jar;C:\Users\Hiba Ghadhab\.m2\repository\it\geosolutions\jaiext\imagefunction\jt-imagefunction\1.1.3\jt-imagefunction-1.1.3.jar;C:\Users\Hiba Ghadhab\.m2\repository\it\geosolutions\jaiext\piecewise\jt-piecewise\1.1.3\jt-piecewise-1.1.3.jar;C:\Users\Hiba Ghadhab\.m2\repository\it\geosolutions\jaiext\classifier\jt-classifier\1.1.3\jt-classifier-1.1.3.jar;C:\Users\Hiba Ghadhab\.m2\repository\it\geosolutions\jaiext\rlookup\jt-rlookup\1.1.3\jt-rlookup-1.1.3.jar;C:\Users\Hiba Ghadhab\.m2\repository\it\geosolutions\jaiext\vectorbin\jt-vectorbin\1.1.3\jt-vectorbin-1.1.3.jar;C:\Users\Hiba Ghadhab\.m2\repository\it\geosolutions\jaiext\shadedrelief\jt-shadedrelief\1.1.3\jt-shadedrelief-1.1.3.jar;C:\Users\Hiba Ghadhab\.m2\repository\commons-io\commons-io\2.6\commons-io-2.6.jar;C:\Users\Hiba Ghadhab\.m2\repository\org\geotools\gt-cql\20-SNAPSHOT\gt-cql-20-SNAPSHOT.jar;C:\Users\Hiba Ghadhab\.m2\repository\com\conversantmedia\disruptor\1.2.13\disruptor-1.2.13.jar;C:\Users\Hiba Ghadhab\.m2\repository\com\miglayout\miglayout\3.7\miglayout-3.7-swing.jar;C:\Users\Hiba Ghadhab\.m2\repository\org\geotools\gt-geojson\20-SNAPSHOT\gt-geojson-20-SNAPSHOT.jar;C:\Users\Hiba Ghadhab\.m2\repository\org\geotools\gt-main\20-SNAPSHOT\gt-main-20-SNAPSHOT.jar;C:\Users\Hiba Ghadhab\.m2\repository\org\geotools\gt-api\20-SNAPSHOT\gt-api-20-SNAPSHOT.jar;C:\Users\Hiba Ghadhab\.m2\repository\org\locationtech\jts\jts-core\1.16.0\jts-core-1.16.0.jar;C:\Users\Hiba Ghadhab\.m2\repository\org\apache\commons\commons-lang3\3.8.1\commons-lang3-3.8.1.jar;C:\Users\Hiba Ghadhab\.m2\repository\org\geotools\gt-jts-wrapper\2.6.6\gt-jts-wrapper-2.6.6.jar;C:\Users\Hiba Ghadhab\.m2\repository\com\vividsolutions\jts\1.10\jts-1.10.jar;C:\Users\Hiba Ghadhab\.m2\repository\commons-logging\commons-logging\1.1.1\commons-logging-1.1.1.jar;"/>
    <property name="java.vm.vendor" value="Oracle Corporation"/>
    <property name="sun.arch.data.model" value="32"/>
    <property name="user.variant" value=""/>
    <property name="java.vendor.url" value="http://java.oracle.com/"/>
    <property name="user.timezone" value="Europe/Belgrade"/>
    <property name="java.vm.specification.version" value="1.8"/>
    <property name="os.name" value="Windows 10"/>
    <property name="user.country" value="FR"/>
    <property name="sun.java.launcher" value="SUN_STANDARD"/>
    <property name="sun.boot.library.path" value="C:\Program Files (x86)\Java\jdk1.8.0_161\jre\bin"/>
    <property name="sun.java.command" value="C:\Users\HIBAGH~1\AppData\Local\Temp\surefire7950535096217362725\surefirebooter8251571763075579856.jar C:\Users\Hiba Ghadhab\AppData\Local\Temp\surefire7950535096217362725 2018-12-09T17-52-44_924-jvmRun1 surefire7899268501582714160tmp surefire_06302404851915957316tmp"/>
    <property name="surefire.test.class.path" value="C:\Workspace\calculgeometrique\target\test-classes;C:\Workspace\calculgeometrique\target\classes;C:\Users\Hiba Ghadhab\.m2\repository\org\springframework\boot\spring-boot-starter-web\2.1.0.RELEASE\spring-boot-starter-web-2.1.0.RELEASE.jar;C:\Users\Hiba Ghadhab\.m2\repository\org\springframework\boot\spring-boot-starter\2.1.0.RELEASE\spring-boot-starter-2.1.0.RELEASE.jar;C:\Users\Hiba Ghadhab\.m2\repository\org\springframework\boot\spring-boot\2.1.0.RELEASE\spring-boot-2.1.0.RELEASE.jar;C:\Users\Hiba Ghadhab\.m2\repository\org\springframework\boot\spring-boot-autoconfigure\2.1.0.RELEASE\spring-boot-autoconfigure-2.1.0.RELEASE.jar;C:\Users\Hiba Ghadhab\.m2\repository\org\springframework\boot\spring-boot-starter-logging\2.1.0.RELEASE\spring-boot-starter-logging-2.1.0.RELEASE.jar;C:\Users\Hiba Ghadhab\.m2\repository\ch\qos\logback\logback-classic\1.2.3\logback-classic-1.2.3.jar;C:\Users\Hiba Ghadhab\.m2\repository\ch\qos\logback\logback-core\1.2.3\logback-core-1.2.3.jar;C:\Users\Hiba Ghadhab\.m2\repository\org\apache\logging\log4j\log4j-to-slf4j\2.11.1\log4j-to-slf4j-2.11.1.jar;C:\Users\Hiba Ghadhab\.m2\repository\org\apache\logging\log4j\log4j-api\2.11.1\log4j-api-2.11.1.jar;C:\Users\Hiba Ghadhab\.m2\repository\org\slf4j\jul-to-slf4j\1.7.25\jul-to-slf4j-1.7.25.jar;C:\Users\Hiba Ghadhab\.m2\repository\javax\annotation\javax.annotation-api\1.3.2\javax.annotation-api-1.3.2.jar;C:\Users\Hiba Ghadhab\.m2\repository\org\yaml\snakeyaml\1.23\snakeyaml-1.23.jar;C:\Users\Hiba Ghadhab\.m2\repository\org\springframework\boot\spring-boot-starter-json\2.1.0.RELEASE\spring-boot-starter-json-2.1.0.RELEASE.jar;C:\Users\Hiba Ghadhab\.m2\repository\com\fasterxml\jackson\core\jackson-databind\2.9.7\jackson-databind-2.9.7.jar;C:\Users\Hiba Ghadhab\.m2\repository\com\fasterxml\jackson\core\jackson-core\2.9.7\jackson-core-2.9.7.jar;C:\Users\Hiba Ghadhab\.m2\repository\com\fasterxml\jackson\datatype\jackson-datatype-jdk8\2.9.7\jackson-datatype-jdk8-2.9.7.jar;C:\Users\Hiba Ghadhab\.m2\repository\com\fasterxml\jackson\datatype\jackson-datatype-jsr310\2.9.7\jackson-datatype-jsr310-2.9.7.jar;C:\Users\Hiba Ghadhab\.m2\repository\com\fasterxml\jackson\module\jackson-module-parameter-names\2.9.7\jackson-module-parameter-names-2.9.7.jar;C:\Users\Hiba Ghadhab\.m2\repository\org\springframework\boot\spring-boot-starter-tomcat\2.1.0.RELEASE\spring-boot-starter-tomcat-2.1.0.RELEASE.jar;C:\Users\Hiba Ghadhab\.m2\repository\org\apache\tomcat\embed\tomcat-embed-core\9.0.12\tomcat-embed-core-9.0.12.jar;C:\Users\Hiba Ghadhab\.m2\repository\org\apache\tomcat\embed\tomcat-embed-el\9.0.12\tomcat-embed-el-9.0.12.jar;C:\Users\Hiba Ghadhab\.m2\repository\org\apache\tomcat\embed\tomcat-embed-websocket\9.0.12\tomcat-embed-websocket-9.0.12.jar;C:\Users\Hiba Ghadhab\.m2\repository\org\hibernate\validator\hibernate-validator\6.0.13.Final\hibernate-validator-6.0.13.Final.jar;C:\Users\Hiba Ghadhab\.m2\repository\javax\validation\validation-api\2.0.1.Final\validation-api-2.0.1.Final.jar;C:\Users\Hiba Ghadhab\.m2\repository\org\jboss\logging\jboss-logging\3.3.2.Final\jboss-logging-3.3.2.Final.jar;C:\Users\Hiba Ghadhab\.m2\repository\org\springframework\spring-web\5.1.2.RELEASE\spring-web-5.1.2.RELEASE.jar;C:\Users\Hiba Ghadhab\.m2\repository\org\springframework\spring-beans\5.1.2.RELEASE\spring-beans-5.1.2.RELEASE.jar;C:\Users\Hiba Ghadhab\.m2\repository\org\springframework\spring-webmvc\5.1.2.RELEASE\spring-webmvc-5.1.2.RELEASE.jar;C:\Users\Hiba Ghadhab\.m2\repository\org\springframework\spring-aop\5.1.2.RELEASE\spring-aop-5.1.2.RELEASE.jar;C:\Users\Hiba Ghadhab\.m2\repository\org\springframework\spring-context\5.1.2.RELEASE\spring-context-5.1.2.RELEASE.jar;C:\Users\Hiba Ghadhab\.m2\repository\org\springframework\spring-expression\5.1.2.RELEASE\spring-expression-5.1.2.RELEASE.jar;C:\Users\Hiba Ghadhab\.m2\repository\org\springframework\boot\spring-boot-starter-test\2.1.0.RELEASE\spring-boot-starter-test-2.1.0.RELEASE.jar;C:\Users\Hiba Ghadhab\.m2\repository\org\springframework\boot\spring-boot-test\2.1.0.RELEASE\spring-boot-test-2.1.0.RELEASE.jar;C:\Users\Hiba Ghadhab\.m2\repository\org\springframework\boot\spring-boot-test-autoconfigure\2.1.0.RELEASE\spring-boot-test-autoconfigure-2.1.0.RELEASE.jar;C:\Users\Hiba Ghadhab\.m2\repository\com\jayway\jsonpath\json-path\2.4.0\json-path-2.4.0.jar;C:\Users\Hiba Ghadhab\.m2\repository\net\minidev\json-smart\2.3\json-smart-2.3.jar;C:\Users\Hiba Ghadhab\.m2\repository\net\minidev\accessors-smart\1.2\accessors-smart-1.2.jar;C:\Users\Hiba Ghadhab\.m2\repository\org\ow2\asm\asm\5.0.4\asm-5.0.4.jar;C:\Users\Hiba Ghadhab\.m2\repository\junit\junit\4.12\junit-4.12.jar;C:\Users\Hiba Ghadhab\.m2\repository\org\assertj\assertj-core\3.11.1\assertj-core-3.11.1.jar;C:\Users\Hiba Ghadhab\.m2\repository\org\mockito\mockito-core\2.23.0\mockito-core-2.23.0.jar;C:\Users\Hiba Ghadhab\.m2\repository\net\bytebuddy\byte-buddy\1.9.3\byte-buddy-1.9.3.jar;C:\Users\Hiba Ghadhab\.m2\repository\net\bytebuddy\byte-buddy-agent\1.9.3\byte-buddy-agent-1.9.3.jar;C:\Users\Hiba Ghadhab\.m2\repository\org\objenesis\objenesis\2.6\objenesis-2.6.jar;C:\Users\Hiba Ghadhab\.m2\repository\org\hamcrest\hamcrest-core\1.3\hamcrest-core-1.3.jar;C:\Users\Hiba Ghadhab\.m2\repository\org\hamcrest\hamcrest-library\1.3\hamcrest-library-1.3.jar;C:\Users\Hiba Ghadhab\.m2\repository\org\skyscreamer\jsonassert\1.5.0\jsonassert-1.5.0.jar;C:\Users\Hiba Ghadhab\.m2\repository\com\vaadin\external\google\android-json\0.0.20131108.vaadin1\android-json-0.0.20131108.vaadin1.jar;C:\Users\Hiba Ghadhab\.m2\repository\org\springframework\spring-core\5.1.2.RELEASE\spring-core-5.1.2.RELEASE.jar;C:\Users\Hiba Ghadhab\.m2\repository\org\springframework\spring-jcl\5.1.2.RELEASE\spring-jcl-5.1.2.RELEASE.jar;C:\Users\Hiba Ghadhab\.m2\repository\org\springframework\spring-test\5.1.2.RELEASE\spring-test-5.1.2.RELEASE.jar;C:\Users\Hiba Ghadhab\.m2\repository\org\xmlunit\xmlunit-core\2.6.2\xmlunit-core-2.6.2.jar;C:\Users\Hiba Ghadhab\.m2\repository\io\springfox\springfox-swagger-ui\2.4.0\springfox-swagger-ui-2.4.0.jar;C:\Users\Hiba Ghadhab\.m2\repository\io\springfox\springfox-spring-web\2.4.0\springfox-spring-web-2.4.0.jar;C:\Users\Hiba Ghadhab\.m2\repository\io\springfox\springfox-swagger2\2.4.0\springfox-swagger2-2.4.0.jar;C:\Users\Hiba Ghadhab\.m2\repository\io\swagger\swagger-annotations\1.5.6\swagger-annotations-1.5.6.jar;C:\Users\Hiba Ghadhab\.m2\repository\io\swagger\swagger-models\1.5.6\swagger-models-1.5.6.jar;C:\Users\Hiba Ghadhab\.m2\repository\com\fasterxml\jackson\core\jackson-annotations\2.9.0\jackson-annotations-2.9.0.jar;C:\Users\Hiba Ghadhab\.m2\repository\io\springfox\springfox-spi\2.4.0\springfox-spi-2.4.0.jar;C:\Users\Hiba Ghadhab\.m2\repository\io\springfox\springfox-core\2.4.0\springfox-core-2.4.0.jar;C:\Users\Hiba Ghadhab\.m2\repository\io\springfox\springfox-schema\2.4.0\springfox-schema-2.4.0.jar;C:\Users\Hiba Ghadhab\.m2\repository\io\springfox\springfox-swagger-common\2.4.0\springfox-swagger-common-2.4.0.jar;C:\Users\Hiba Ghadhab\.m2\repository\com\google\guava\guava\18.0\guava-18.0.jar;C:\Users\Hiba Ghadhab\.m2\repository\com\fasterxml\classmate\1.4.0\classmate-1.4.0.jar;C:\Users\Hiba Ghadhab\.m2\repository\org\slf4j\slf4j-api\1.7.25\slf4j-api-1.7.25.jar;C:\Users\Hiba Ghadhab\.m2\repository\org\springframework\plugin\spring-plugin-core\1.2.0.RELEASE\spring-plugin-core-1.2.0.RELEASE.jar;C:\Users\Hiba Ghadhab\.m2\repository\org\springframework\plugin\spring-plugin-metadata\1.2.0.RELEASE\spring-plugin-metadata-1.2.0.RELEASE.jar;C:\Users\Hiba Ghadhab\.m2\repository\org\geotools\gt-shapefile\20-SNAPSHOT\gt-shapefile-20-SNAPSHOT.jar;C:\Users\Hiba Ghadhab\.m2\repository\org\geotools\gt-data\20-SNAPSHOT\gt-data-20-SNAPSHOT.jar;C:\Users\Hiba Ghadhab\.m2\repository\org\jdom\jdom2\2.0.6\jdom2-2.0.6.jar;C:\Users\Hiba Ghadhab\.m2\repository\javax\media\jai_core\1.1.3\jai_core-1.1.3.jar;C:\Users\Hiba Ghadhab\.m2\repository\com\googlecode\json-simple\json-simple\1.1.1\json-simple-1.1.1.jar;C:\Users\Hiba Ghadhab\.m2\repository\org\geotools\gt-swing\20-SNAPSHOT\gt-swing-20-SNAPSHOT.jar;C:\Users\Hiba Ghadhab\.m2\repository\org\geotools\gt-referencing\20-SNAPSHOT\gt-referencing-20-SNAPSHOT.jar;C:\Users\Hiba Ghadhab\.m2\repository\org\ejml\ejml-ddense\0.34\ejml-ddense-0.34.jar;C:\Users\Hiba Ghadhab\.m2\repository\org\ejml\ejml-core\0.34\ejml-core-0.34.jar;C:\Users\Hiba Ghadhab\.m2\repository\commons-pool\commons-pool\1.6\commons-pool-1.6.jar;C:\Users\Hiba Ghadhab\.m2\repository\org\geotools\gt-metadata\20-SNAPSHOT\gt-metadata-20-SNAPSHOT.jar;C:\Users\Hiba Ghadhab\.m2\repository\org\geotools\gt-opengis\20-SNAPSHOT\gt-opengis-20-SNAPSHOT.jar;C:\Users\Hiba Ghadhab\.m2\repository\systems\uom\systems-common-java8\0.7.2\systems-common-java8-0.7.2.jar;C:\Users\Hiba Ghadhab\.m2\repository\tec\uom\uom-se\1.0.8\uom-se-1.0.8.jar;C:\Users\Hiba Ghadhab\.m2\repository\javax\measure\unit-api\1.0\unit-api-1.0.jar;C:\Users\Hiba Ghadhab\.m2\repository\tec\uom\lib\uom-lib-common\1.0.2\uom-lib-common-1.0.2.jar;C:\Users\Hiba Ghadhab\.m2\repository\si\uom\si-quantity\0.7.1\si-quantity-0.7.1.jar;C:\Users\Hiba Ghadhab\.m2\repository\si\uom\si-units-java8\0.7.1\si-units-java8-0.7.1.jar;C:\Users\Hiba Ghadhab\.m2\repository\jgridshift\jgridshift\1.0\jgridshift-1.0.jar;C:\Users\Hiba Ghadhab\.m2\repository\net\sf\geographiclib\GeographicLib-Java\1.49\GeographicLib-Java-1.49.jar;C:\Users\Hiba Ghadhab\.m2\repository\org\geotools\gt-render\20-SNAPSHOT\gt-render-20-SNAPSHOT.jar;C:\Users\Hiba Ghadhab\.m2\repository\org\geotools\gt-coverage\20-SNAPSHOT\gt-coverage-20-SNAPSHOT.jar;C:\Users\Hiba Ghadhab\.m2\repository\javax\media\jai_imageio\1.1\jai_imageio-1.1.jar;C:\Users\Hiba Ghadhab\.m2\repository\it\geosolutions\imageio-ext\imageio-ext-tiff\1.1.27\imageio-ext-tiff-1.1.27.jar;C:\Users\Hiba Ghadhab\.m2\repository\it\geosolutions\imageio-ext\imageio-ext-utilities\1.1.27\imageio-ext-utilities-1.1.27.jar;C:\Users\Hiba Ghadhab\.m2\repository\it\geosolutions\imageio-ext\imageio-ext-geocore\1.1.27\imageio-ext-geocore-1.1.27.jar;C:\Users\Hiba Ghadhab\.m2\repository\it\geosolutions\imageio-ext\imageio-ext-streams\1.1.27\imageio-ext-streams-1.1.27.jar;C:\Users\Hiba Ghadhab\.m2\repository\javax\media\jai_codec\1.1.3\jai_codec-1.1.3.jar;C:\Users\Hiba Ghadhab\.m2\repository\org\jaitools\jt-zonalstats\1.5.0\jt-zonalstats-1.5.0.jar;C:\Users\Hiba Ghadhab\.m2\repository\org\jaitools\jt-utils\1.5.0\jt-utils-1.5.0.jar;C:\Users\Hiba Ghadhab\.m2\repository\it\geosolutions\jaiext\affine\jt-affine\1.1.3\jt-affine-1.1.3.jar;C:\Users\Hiba Ghadhab\.m2\repository\it\geosolutions\jaiext\algebra\jt-algebra\1.1.3\jt-algebra-1.1.3.jar;C:\Users\Hiba Ghadhab\.m2\repository\it\geosolutions\jaiext\bandmerge\jt-bandmerge\1.1.3\jt-bandmerge-1.1.3.jar;C:\Users\Hiba Ghadhab\.m2\repository\it\geosolutions\jaiext\bandselect\jt-bandselect\1.1.3\jt-bandselect-1.1.3.jar;C:\Users\Hiba Ghadhab\.m2\repository\it\geosolutions\jaiext\bandcombine\jt-bandcombine\1.1.3\jt-bandcombine-1.1.3.jar;C:\Users\Hiba Ghadhab\.m2\repository\it\geosolutions\jaiext\border\jt-border\1.1.3\jt-border-1.1.3.jar;C:\Users\Hiba Ghadhab\.m2\repository\it\geosolutions\jaiext\buffer\jt-buffer\1.1.3\jt-buffer-1.1.3.jar;C:\Users\Hiba Ghadhab\.m2\repository\it\geosolutions\jaiext\crop\jt-crop\1.1.3\jt-crop-1.1.3.jar;C:\Users\Hiba Ghadhab\.m2\repository\it\geosolutions\jaiext\iterators\jt-iterators\1.1.3\jt-iterators-1.1.3.jar;C:\Users\Hiba Ghadhab\.m2\repository\it\geosolutions\jaiext\lookup\jt-lookup\1.1.3\jt-lookup-1.1.3.jar;C:\Users\Hiba Ghadhab\.m2\repository\it\geosolutions\jaiext\mosaic\jt-mosaic\1.1.3\jt-mosaic-1.1.3.jar;C:\Users\Hiba Ghadhab\.m2\repository\it\geosolutions\jaiext\nullop\jt-nullop\1.1.3\jt-nullop-1.1.3.jar;C:\Users\Hiba Ghadhab\.m2\repository\it\geosolutions\jaiext\rescale\jt-rescale\1.1.3\jt-rescale-1.1.3.jar;C:\Users\Hiba Ghadhab\.m2\repository\it\geosolutions\jaiext\scale\jt-scale\1.1.3\jt-scale-1.1.3.jar;C:\Users\Hiba Ghadhab\.m2\repository\it\geosolutions\jaiext\scale2\jt-scale2\1.1.3\jt-scale2-1.1.3.jar;C:\Users\Hiba Ghadhab\.m2\repository\it\geosolutions\jaiext\stats\jt-stats\1.1.3\jt-stats-1.1.3.jar;C:\Users\Hiba Ghadhab\.m2\repository\it\geosolutions\jaiext\translate\jt-translate\1.1.3\jt-translate-1.1.3.jar;C:\Users\Hiba Ghadhab\.m2\repository\it\geosolutions\jaiext\utilities\jt-utilities\1.1.3\jt-utilities-1.1.3.jar;C:\Users\Hiba Ghadhab\.m2\repository\it\geosolutions\jaiext\warp\jt-warp\1.1.3\jt-warp-1.1.3.jar;C:\Users\Hiba Ghadhab\.m2\repository\it\geosolutions\jaiext\zonal\jt-zonal\1.1.3\jt-zonal-1.1.3.jar;C:\Users\Hiba Ghadhab\.m2\repository\it\geosolutions\jaiext\binarize\jt-binarize\1.1.3\jt-binarize-1.1.3.jar;C:\Users\Hiba Ghadhab\.m2\repository\it\geosolutions\jaiext\format\jt-format\1.1.3\jt-format-1.1.3.jar;C:\Users\Hiba Ghadhab\.m2\repository\it\geosolutions\jaiext\colorconvert\jt-colorconvert\1.1.3\jt-colorconvert-1.1.3.jar;C:\Users\Hiba Ghadhab\.m2\repository\it\geosolutions\jaiext\errordiffusion\jt-errordiffusion\1.1.3\jt-errordiffusion-1.1.3.jar;C:\Users\Hiba Ghadhab\.m2\repository\it\geosolutions\jaiext\orderdither\jt-orderdither\1.1.3\jt-orderdither-1.1.3.jar;C:\Users\Hiba Ghadhab\.m2\repository\it\geosolutions\jaiext\colorindexer\jt-colorindexer\1.1.3\jt-colorindexer-1.1.3.jar;C:\Users\Hiba Ghadhab\.m2\repository\it\geosolutions\jaiext\imagefunction\jt-imagefunction\1.1.3\jt-imagefunction-1.1.3.jar;C:\Users\Hiba Ghadhab\.m2\repository\it\geosolutions\jaiext\piecewise\jt-piecewise\1.1.3\jt-piecewise-1.1.3.jar;C:\Users\Hiba Ghadhab\.m2\repository\it\geosolutions\jaiext\classifier\jt-classifier\1.1.3\jt-classifier-1.1.3.jar;C:\Users\Hiba Ghadhab\.m2\repository\it\geosolutions\jaiext\rlookup\jt-rlookup\1.1.3\jt-rlookup-1.1.3.jar;C:\Users\Hiba Ghadhab\.m2\repository\it\geosolutions\jaiext\vectorbin\jt-vectorbin\1.1.3\jt-vectorbin-1.1.3.jar;C:\Users\Hiba Ghadhab\.m2\repository\it\geosolutions\jaiext\shadedrelief\jt-shadedrelief\1.1.3\jt-shadedrelief-1.1.3.jar;C:\Users\Hiba Ghadhab\.m2\repository\commons-io\commons-io\2.6\commons-io-2.6.jar;C:\Users\Hiba Ghadhab\.m2\repository\org\geotools\gt-cql\20-SNAPSHOT\gt-cql-20-SNAPSHOT.jar;C:\Users\Hiba Ghadhab\.m2\repository\com\conversantmedia\disruptor\1.2.13\disruptor-1.2.13.jar;C:\Users\Hiba Ghadhab\.m2\repository\com\miglayout\miglayout\3.7\miglayout-3.7-swing.jar;C:\Users\Hiba Ghadhab\.m2\repository\org\geotools\gt-geojson\20-SNAPSHOT\gt-geojson-20-SNAPSHOT.jar;C:\Users\Hiba Ghadhab\.m2\repository\org\geotools\gt-main\20-SNAPSHOT\gt-main-20-SNAPSHOT.jar;C:\Users\Hiba Ghadhab\.m2\repository\org\geotools\gt-api\20-SNAPSHOT\gt-api-20-SNAPSHOT.jar;C:\Users\Hiba Ghadhab\.m2\repository\org\locationtech\jts\jts-core\1.16.0\jts-core-1.16.0.jar;C:\Users\Hiba Ghadhab\.m2\repository\org\apache\commons\commons-lang3\3.8.1\commons-lang3-3.8.1.jar;C:\Users\Hiba Ghadhab\.m2\repository\org\geotools\gt-jts-wrapper\2.6.6\gt-jts-wrapper-2.6.6.jar;C:\Users\Hiba Ghadhab\.m2\repository\com\vividsolutions\jts\1.10\jts-1.10.jar;C:\Users\Hiba Ghadhab\.m2\repository\commons-logging\commons-logging\1.1.1\commons-logging-1.1.1.jar;"/>
    <property name="sun.cpu.endian" value="little"/>
    <property name="user.home" value="C:\Users\Hiba Ghadhab"/>
    <property name="user.language" value="fr"/>
    <property name="java.specification.vendor" value="Oracle Corporation"/>
    <property name="java.home" value="C:\Program Files (x86)\Java\jdk1.8.0_161\jre"/>
    <property name="basedir" value="C:\Workspace\calculgeometrique"/>
    <property name="file.separator" value="\"/>
    <property name="line.separator" value="&#10;"/>
    <property name="java.vm.specification.vendor" value="Oracle Corporation"/>
    <property name="java.specification.name" value="Java Platform API Specification"/>
    <property name="java.awt.graphicsenv" value="sun.awt.Win32GraphicsEnvironment"/>
    <property name="surefire.real.class.path" value="C:\Users\HIBAGH~1\AppData\Local\Temp\surefire7950535096217362725\surefirebooter8251571763075579856.jar"/>
    <property name="sun.boot.class.path" value="C:\Program Files (x86)\Java\jdk1.8.0_161\jre\lib\resources.jar;C:\Program Files (x86)\Java\jdk1.8.0_161\jre\lib\rt.jar;C:\Program Files (x86)\Java\jdk1.8.0_161\jre\lib\sunrsasign.jar;C:\Program Files (x86)\Java\jdk1.8.0_161\jre\lib\jsse.jar;C:\Program Files (x86)\Java\jdk1.8.0_161\jre\lib\jce.jar;C:\Program Files (x86)\Java\jdk1.8.0_161\jre\lib\charsets.jar;C:\Program Files (x86)\Java\jdk1.8.0_161\jre\lib\jfr.jar;C:\Program Files (x86)\Java\jdk1.8.0_161\jre\classes"/>
    <property name="user.script" value=""/>
    <property name="sun.management.compiler" value="HotSpot Client Compiler"/>
    <property name="java.runtime.version" value="1.8.0_161-b12"/>
    <property name="user.name" value="Hiba Ghadhab"/>
    <property name="path.separator" value=";"/>
    <property name="os.version" value="10.0"/>
    <property name="java.endorsed.dirs" value="C:\Program Files (x86)\Java\jdk1.8.0_161\jre\lib\endorsed"/>
    <property name="java.runtime.name" value="Java(TM) SE Runtime Environment"/>
    <property name="file.encoding" value="Cp1252"/>
    <property name="java.vm.name" value="Java HotSpot(TM) Client VM"/>
    <property name="localRepository" value="C:\Users\Hiba Ghadhab\.m2\repository"/>
    <property name="java.vendor.url.bug" value="http://bugreport.sun.com/bugreport/"/>
    <property name="java.io.tmpdir" value="C:\Users\HIBAGH~1\AppData\Local\Temp\"/>
    <property name="java.version" value="1.8.0_161"/>
    <property name="user.dir" value="C:\Workspace\calculgeometrique"/>
    <property name="os.arch" value="x86"/>
    <property name="java.vm.specification.name" value="Java Virtual Machine Specification"/>
    <property name="java.awt.printerjob" value="sun.awt.windows.WPrinterJob"/>
    <property name="sun.os.patch.level" value=""/>
    <property name="java.library.path" value="C:\Program Files (x86)\Java\jdk1.8.0_161\jre\bin;C:\WINDOWS\Sun\Java\bin;C:\WINDOWS\system32;C:\WINDOWS;C:\Program Files\Microsoft MPI\Bin\;C:\Program Files\Broadcom\Broadcom 802.11 Network Adapter;C:\Program Files (x86)\Intel\Intel(R) Management Engine Components\iCLS\;C:\Program Files\Intel\Intel(R) Management Engine Components\iCLS\;C:\Windows\system32;C:\Windows;C:\Windows\System32\Wbem;C:\Windows\System32\WindowsPowerShell\v1.0\;C:\Program Files (x86)\Intel\Intel(R) Management Engine Components\DAL;C:\Program Files\Intel\Intel(R) Management Engine Components\DAL;C:\Program Files (x86)\Intel\Intel(R) Management Engine Components\IPT;C:\Program Files\Intel\Intel(R) Management Engine Components\IPT;C:\Program Files (x86)\NVIDIA Corporation\PhysX\Common;C:\Program Files\Microsoft SQL Server\120\Tools\Binn\;C:\Program Files\Microsoft SQL Server\130\Tools\Binn\;C:\Program Files\Git\cmd;C:\Program Files\dotnet\;C:\Program Files\MiKTeX 2.9\miktex\bin\x64\;C:\WINDOWS\system32;C:\WINDOWS;C:\WINDOWS\System32\Wbem;C:\WINDOWS\System32\WindowsPowerShell\v1.0\;C:\Program Files (x86)\nodejs\;C:\WINDOWS\System32\OpenSSH\;C:\Program Files (x86)\Java\jdk1.8.0_161\bin;C:\apache-maven-3.5.4\bin;C:\Users\Hiba Ghadhab\AppData\Local\Microsoft\WindowsApps;;C:\Program Files\Microsoft VS Code\bin;C:\Users\Hiba Ghadhab\AppData\Roaming\npm;."/>
    <property name="java.vm.info" value="mixed mode"/>
    <property name="java.vendor" value="Oracle Corporation"/>
    <property name="java.vm.version" value="25.161-b12"/>
    <property name="java.ext.dirs" value="C:\Program Files (x86)\Java\jdk1.8.0_161\jre\lib\ext;C:\WINDOWS\Sun\Java\lib\ext"/>
    <property name="sun.io.unicode.encoding" value="UnicodeLittle"/>
    <property name="java.class.version" value="52.0"/>
  </properties>
  <testcase name="contextLoads" classname="com.ensg.calculgeometrique.CalculgeometriqueApplicationTests" time="0.291"/>
</testsuite>